# JRE version: OpenJDK Runtime Environment (21.0.2+13) (build 21.0.2+13-58)
# Java VM: OpenJDK 64-Bit Server VM (21.0.2+13-58, mixed mode, sharing, tiered, compressed oops, compressed class ptrs, g1 gc, windows-amd64)
GC Precious Log:
 CardTable entry size: 512
 Card Set container configuration: InlinePtr #cards 5 size 8 Array Of Cards #cards 12 size 40 Howl #buckets 4 coarsen threshold 1843 Howl Bitmap #cards 512 size 80 coarsen threshold 460 Card regions per heap region 1 cards per card region 2048
 CPUs: 4 total, 4 available
 Memory: 32652M
 Large Page Support: Disabled
 NUMA Support: Disabled
 Compressed Oops: Enabled (32-bit)
 Heap Region Size: 1M
 Heap Min Capacity: 256M
 Heap Initial Capacity: 256M
 Heap Max Capacity: 512M
 Pre-touch: Disabled
 Parallel Workers: 4
 Concurrent Workers: 1
 Concurrent Refinement Workers: 4
 Periodic GC: Disabled
Heap:
 garbage-first heap   total 482304K, used 243642K [0x00000000e0000000, 0x0000000100000000)
  region size 1024K, 61 young (62464K), 20 survivors (20480K)
 Metaspace       used 180503K, committed 182848K, reserved 524288K
  class space    used 22384K, committed 23552K, reserved 327680K
GC Heap History (20 events):
Event: 4884.438 GC heap before
{Heap before GC invocations=286 (full 0):
 garbage-first heap   total 470016K, used 441190K [0x00000000e0000000, 0x0000000100000000)
  region size 1024K, 254 young (260096K), 4 survivors (4096K)
 Metaspace       used 178532K, committed 180736K, reserved 524288K
  class space    used 22063K, committed 23232K, reserved 327680K
}
Event: 4884.445 GC heap after
{Heap after GC invocations=287 (full 0):
 garbage-first heap   total 470016K, used 180941K [0x00000000e0000000, 0x0000000100000000)
  region size 1024K, 2 young (2048K), 2 survivors (2048K)
 Metaspace       used 178532K, committed 180736K, reserved 524288K
  class space    used 22063K, committed 23232K, reserved 327680K
}
Event: 4886.619 GC heap before
{Heap before GC invocations=287 (full 0):
 garbage-first heap   total 470016K, used 443085K [0x00000000e0000000, 0x0000000100000000)
  region size 1024K, 258 young (264192K), 2 survivors (2048K)
 Metaspace       used 178538K, committed 180736K, reserved 524288K
  class space    used 22065K, committed 23232K, reserved 327680K
}
Event: 4886.624 GC heap after
{Heap after GC invocations=288 (full 0):
 garbage-first heap   total 470016K, used 184918K [0x00000000e0000000, 0x0000000100000000)
  region size 1024K, 7 young (7168K), 7 survivors (7168K)
 Metaspace       used 178538K, committed 180736K, reserved 524288K
  class space    used 22065K, committed 23232K, reserved 327680K
}
Event: 4888.358 GC heap before
{Heap before GC invocations=289 (full 0):
 garbage-first heap   total 470016K, used 438870K [0x00000000e0000000, 0x0000000100000000)
  region size 1024K, 254 young (260096K), 7 survivors (7168K)
 Metaspace       used 178542K, committed 180736K, reserved 524288K
  class space    used 22065K, committed 23232K, reserved 327680K
}
Event: 4888.363 GC heap after
{Heap after GC invocations=290 (full 0):
 garbage-first heap   total 470016K, used 185237K [0x00000000e0000000, 0x0000000100000000)
  region size 1024K, 6 young (6144K), 6 survivors (6144K)
 Metaspace       used 178542K, committed 180736K, reserved 524288K
  class space    used 22065K, committed 23232K, reserved 327680K
}
Event: 4888.962 GC heap before
{Heap before GC invocations=290 (full 0):
 garbage-first heap   total 470016K, used 439189K [0x00000000e0000000, 0x0000000100000000)
  region size 1024K, 254 young (260096K), 6 survivors (6144K)
 Metaspace       used 178542K, committed 180736K, reserved 524288K
  class space    used 22065K, committed 23232K, reserved 327680K
}
Event: 4888.966 GC heap after
{Heap after GC invocations=291 (full 0):
 garbage-first heap   total 470016K, used 178698K [0x00000000e0000000, 0x0000000100000000)
  region size 1024K, 2 young (2048K), 2 survivors (2048K)
 Metaspace       used 178542K, committed 180736K, reserved 524288K
  class space    used 22065K, committed 23232K, reserved 327680K
}
Event: 4889.652 GC heap before
{Heap before GC invocations=291 (full 0):
 garbage-first heap   total 470016K, used 441866K [0x00000000e0000000, 0x0000000100000000)
  region size 1024K, 259 young (265216K), 2 survivors (2048K)
 Metaspace       used 178542K, committed 180736K, reserved 524288K
  class space    used 22065K, committed 23232K, reserved 327680K
}
Event: 4889.654 GC heap after
{Heap after GC invocations=292 (full 0):
 garbage-first heap   total 470016K, used 178512K [0x00000000e0000000, 0x0000000100000000)
  region size 1024K, 2 young (2048K), 2 survivors (2048K)
 Metaspace       used 178542K, committed 180736K, reserved 524288K
  class space    used 22065K, committed 23232K, reserved 327680K
}
Event: 4890.402 GC heap before
{Heap before GC invocations=293 (full 0):
 garbage-first heap   total 470016K, used 441680K [0x00000000e0000000, 0x0000000100000000)
  region size 1024K, 259 young (265216K), 2 survivors (2048K)
 Metaspace       used 178542K, committed 180736K, reserved 524288K
  class space    used 22065K, committed 23232K, reserved 327680K
}
Event: 4890.405 GC heap after
{Heap after GC invocations=294 (full 0):
 garbage-first heap   total 470016K, used 178662K [0x00000000e0000000, 0x0000000100000000)
  region size 1024K, 2 young (2048K), 2 survivors (2048K)
 Metaspace       used 178542K, committed 180736K, reserved 524288K
  class space    used 22065K, committed 23232K, reserved 327680K
}
Event: 4891.097 GC heap before
{Heap before GC invocations=294 (full 0):
 garbage-first heap   total 470016K, used 441830K [0x00000000e0000000, 0x0000000100000000)
  region size 1024K, 259 young (265216K), 2 survivors (2048K)
 Metaspace       used 178542K, committed 180736K, reserved 524288K
  class space    used 22065K, committed 23232K, reserved 327680K
}
Event: 4891.102 GC heap after
{Heap after GC invocations=295 (full 0):
 garbage-first heap   total 470016K, used 178069K [0x00000000e0000000, 0x0000000100000000)
  region size 1024K, 2 young (2048K), 2 survivors (2048K)
 Metaspace       used 178542K, committed 180736K, reserved 524288K
  class space    used 22065K, committed 23232K, reserved 327680K
}
Event: 4891.853 GC heap before
{Heap before GC invocations=295 (full 0):
 garbage-first heap   total 470016K, used 442261K [0x00000000e0000000, 0x0000000100000000)
  region size 1024K, 260 young (266240K), 2 survivors (2048K)
 Metaspace       used 178542K, committed 180736K, reserved 524288K
  class space    used 22065K, committed 23232K, reserved 327680K
}
Event: 4891.855 GC heap after
{Heap after GC invocations=296 (full 0):
 garbage-first heap   total 470016K, used 178565K [0x00000000e0000000, 0x0000000100000000)
  region size 1024K, 2 young (2048K), 2 survivors (2048K)
 Metaspace       used 178542K, committed 180736K, reserved 524288K
  class space    used 22065K, committed 23232K, reserved 327680K
}
Event: 4892.499 GC heap before
{Heap before GC invocations=297 (full 0):
 garbage-first heap   total 470016K, used 445829K [0x00000000e0000000, 0x0000000100000000)
  region size 1024K, 260 young (266240K), 2 survivors (2048K)
 Metaspace       used 178542K, committed 180736K, reserved 524288K
  class space    used 22065K, committed 23232K, reserved 327680K
}
Event: 4892.502 GC heap after
{Heap after GC invocations=298 (full 0):
 garbage-first heap   total 470016K, used 178495K [0x00000000e0000000, 0x0000000100000000)
  region size 1024K, 2 young (2048K), 2 survivors (2048K)
 Metaspace       used 178542K, committed 180736K, reserved 524288K
  class space    used 22065K, committed 23232K, reserved 327680K
}
Event: 5176.974 GC heap before
{Heap before GC invocations=298 (full 0):
 garbage-first heap   total 470016K, used 458047K [0x00000000e0000000, 0x0000000100000000)
  region size 1024K, 260 young (266240K), 2 survivors (2048K)
 Metaspace       used 180391K, committed 182720K, reserved 524288K
  class space    used 22382K, committed 23552K, reserved 327680K
}
Event: 5176.996 GC heap after
{Heap after GC invocations=299 (full 0):
 garbage-first heap   total 482304K, used 202682K [0x00000000e0000000, 0x0000000100000000)
  region size 1024K, 20 young (20480K), 20 survivors (20480K)
 Metaspace       used 180391K, committed 182720K, reserved 524288K
  class space    used 22382K, committed 23552K, reserved 327680K
}

